<?xml version="1.0" encoding="UTF-8"?>
<!-- Generated by org.testng.reporters.JUnitXMLReporter -->
<testsuite hostname="Ruba-PC" name="Command line test" tests="5" failures="0" timestamp="12 Sep 2013 04:24:28 GMT" time="0.495" errors="0">
  <testcase name="createNICTest1" time="0.394" classname="cse.maven.sample.NICInterpreterTest"/>
  <testcase name="createNICTest2" time="0.002" classname="cse.maven.sample.NICInterpreterTest"/>
  <testcase name="createNICTest3" time="0.001" classname="cse.maven.sample.NICInterpreterTest"/>
  <testcase name="createNICTest4" time="0.001" classname="cse.maven.sample.NICInterpreterTest"/>
  <testcase name="createNICTest5" time="0.001" classname="cse.maven.sample.NICInterpreterTest"/>
</testsuite> <!-- Command line test -->
